TN:
SF:src/revista.ts
FN:23,(anonymous_0)
FN:33,(anonymous_1)
FN:40,(anonymous_2)
FN:47,(anonymous_3)
FN:54,(anonymous_4)
FN:61,(anonymous_5)
FN:68,(anonymous_6)
FN:75,(anonymous_7)
FN:82,(anonymous_8)
FN:92,(anonymous_9)
FN:107,(anonymous_10)
FN:121,(anonymous_11)
FN:122,(anonymous_12)
FNF:13
FNH:11
FNDA:3,(anonymous_0)
FNDA:3,(anonymous_1)
FNDA:1,(anonymous_2)
FNDA:2,(anonymous_3)
FNDA:1,(anonymous_4)
FNDA:2,(anonymous_5)
FNDA:1,(anonymous_6)
FNDA:2,(anonymous_7)
FNDA:1,(anonymous_8)
FNDA:4,(anonymous_9)
FNDA:2,(anonymous_10)
FNDA:0,(anonymous_11)
FNDA:0,(anonymous_12)
DA:8,1
DA:14,3
DA:24,3
DA:25,3
DA:26,3
DA:27,3
DA:34,3
DA:41,1
DA:48,2
DA:55,1
DA:62,2
DA:69,1
DA:76,2
DA:83,1
DA:93,4
DA:94,1
DA:97,3
DA:98,3
DA:108,2
DA:109,2
DA:110,1
DA:113,1
DA:114,1
DA:122,0
LF:24
LH:23
BRDA:93,0,0,1
BRDA:93,0,1,3
BRDA:109,1,0,1
BRDA:109,1,1,1
BRF:4
BRH:4
end_of_record
TN:
SF:src/suscriptor.ts
FN:24,(anonymous_0)
FN:34,(anonymous_1)
FN:40,(anonymous_2)
FN:47,(anonymous_3)
FN:54,(anonymous_4)
FN:61,(anonymous_5)
FN:68,(anonymous_6)
FN:75,(anonymous_7)
FN:82,(anonymous_8)
FN:91,(anonymous_9)
FNF:10
FNH:10
FNDA:4,(anonymous_0)
FNDA:2,(anonymous_1)
FNDA:1,(anonymous_2)
FNDA:2,(anonymous_3)
FNDA:1,(anonymous_4)
FNDA:2,(anonymous_5)
FNDA:1,(anonymous_6)
FNDA:2,(anonymous_7)
FNDA:1,(anonymous_8)
FNDA:1,(anonymous_9)
DA:5,1
DA:10,1
DA:25,4
DA:26,4
DA:27,4
DA:28,4
DA:35,2
DA:41,1
DA:48,2
DA:55,1
DA:62,2
DA:69,1
DA:76,2
DA:83,1
DA:93,1
DA:94,1
DA:95,1
DA:97,0
LF:18
LH:17
BRDA:93,0,0,1
BRDA:93,0,1,0
BRF:2
BRH:1
end_of_record
